0 info it worked if it ends with ok
1 verbose cli [ 'C:\\Program Files\\nodejs\\node.exe',
1 verbose cli   'C:\\Program Files\\nodejs\\node_modules\\npm\\bin\\npm-cli.js',
1 verbose cli   'run',
1 verbose cli   'test-client-firefox' ]
2 info using npm@3.10.10
3 info using node@v6.10.0
4 verbose run-script [ 'pretest-client-firefox',
4 verbose run-script   'test-client-firefox',
4 verbose run-script   'posttest-client-firefox' ]
5 info lifecycle owasp-threat-dragon-core@0.4.20~pretest-client-firefox: owasp-threat-dragon-core@0.4.20
6 silly lifecycle owasp-threat-dragon-core@0.4.20~pretest-client-firefox: no script for pretest-client-firefox, continuing
7 info lifecycle owasp-threat-dragon-core@0.4.20~test-client-firefox: owasp-threat-dragon-core@0.4.20
8 verbose lifecycle owasp-threat-dragon-core@0.4.20~test-client-firefox: unsafe-perm in lifecycle true
9 verbose lifecycle owasp-threat-dragon-core@0.4.20~test-client-firefox: PATH: C:\Program Files\nodejs\node_modules\npm\bin\node-gyp-bin;C:\src\owasp-threat-dragon-core\node_modules\.bin;C:\windows\system32;C:\windows;C:\windows\System32\Wbem;C:\windows\System32\WindowsPowerShell\v1.0\;C:\Program Files (x86)\WebEx\Productivity Tools;C:\ProgramData\chocolatey\bin;C:\Program Files\nodejs\;C:\Program Files (x86)\GNU\GnuPG\pub;C:\Program Files\MySQL\MySQL Utilities 1.6\;C:\Program Files\Git\cmd;C:\Program Files\dotnet\;C:\Program Files (x86)\Git\cmd;C:\Users\mike.goodwin\AppData\Local\Microsoft\WindowsApps;;C:\Users\mike.goodwin\AppData\Roaming\npm;C:\tools\mysql\current\bin;C:\Program Files\Microsoft VS Code\bin
10 verbose lifecycle owasp-threat-dragon-core@0.4.20~test-client-firefox: CWD: C:\src\owasp-threat-dragon-core
11 silly lifecycle owasp-threat-dragon-core@0.4.20~test-client-firefox: Args: [ '/d /s /c', 'karma start --single-run --browsers Firefox' ]
12 silly lifecycle owasp-threat-dragon-core@0.4.20~test-client-firefox: Returned: code: 1  signal: null
13 info lifecycle owasp-threat-dragon-core@0.4.20~test-client-firefox: Failed to exec test-client-firefox script
14 verbose stack Error: owasp-threat-dragon-core@0.4.20 test-client-firefox: `karma start --single-run --browsers Firefox`
14 verbose stack Exit status 1
14 verbose stack     at EventEmitter.<anonymous> (C:\Program Files\nodejs\node_modules\npm\lib\utils\lifecycle.js:255:16)
14 verbose stack     at emitTwo (events.js:106:13)
14 verbose stack     at EventEmitter.emit (events.js:191:7)
14 verbose stack     at ChildProcess.<anonymous> (C:\Program Files\nodejs\node_modules\npm\lib\utils\spawn.js:40:14)
14 verbose stack     at emitTwo (events.js:106:13)
14 verbose stack     at ChildProcess.emit (events.js:191:7)
14 verbose stack     at maybeClose (internal/child_process.js:877:16)
14 verbose stack     at Process.ChildProcess._handle.onexit (internal/child_process.js:226:5)
15 verbose pkgid owasp-threat-dragon-core@0.4.20
16 verbose cwd C:\src\owasp-threat-dragon-core
17 error Windows_NT 10.0.14393
18 error argv "C:\\Program Files\\nodejs\\node.exe" "C:\\Program Files\\nodejs\\node_modules\\npm\\bin\\npm-cli.js" "run" "test-client-firefox"
19 error node v6.10.0
20 error npm  v3.10.10
21 error code ELIFECYCLE
22 error owasp-threat-dragon-core@0.4.20 test-client-firefox: `karma start --single-run --browsers Firefox`
22 error Exit status 1
23 error Failed at the owasp-threat-dragon-core@0.4.20 test-client-firefox script 'karma start --single-run --browsers Firefox'.
23 error Make sure you have the latest version of node.js and npm installed.
23 error If you do, this is most likely a problem with the owasp-threat-dragon-core package,
23 error not with npm itself.
23 error Tell the author that this fails on your system:
23 error     karma start --single-run --browsers Firefox
23 error You can get information on how to open an issue for this project with:
23 error     npm bugs owasp-threat-dragon-core
23 error Or if that isn't available, you can get their info via:
23 error     npm owner ls owasp-threat-dragon-core
23 error There is likely additional logging output above.
24 verbose exit [ 1, true ]
